  ShadowStream.cpp
E:\GitHub\Code\ShadowStream\ShadowStream\ShadowStream.cpp(234,29): warning C4566: character represented by universal-character-name '\u2713' cannot be represented in the current code page (1252)
E:\GitHub\Code\ShadowStream\ShadowStream\ShadowStream.cpp(235,29): warning C4566: character represented by universal-character-name '\u2713' cannot be represented in the current code page (1252)
E:\GitHub\Code\ShadowStream\ShadowStream\ShadowStream.cpp(239,29): warning C4566: character represented by universal-character-name '\u2717' cannot be represented in the current code page (1252)
E:\GitHub\Code\ShadowStream\ShadowStream\ShadowStream.cpp(243,25): warning C4566: character represented by universal-character-name '\u2717' cannot be represented in the current code page (1252)
E:\GitHub\Code\ShadowStream\ShadowStream\ShadowStream.cpp(248,21): warning C4566: character represented by universal-character-name '\u2717' cannot be represented in the current code page (1252)
E:\GitHub\Code\ShadowStream\ShadowStream\ShadowStream.cpp(256,21): warning C4566: character represented by universal-character-name '\u2717' cannot be represented in the current code page (1252)
E:\GitHub\Code\ShadowStream\ShadowStream\ShadowStream.cpp(261,17): warning C4566: character represented by universal-character-name '\U0001F3A5' cannot be represented in the current code page (1252)
E:\GitHub\Code\ShadowStream\ShadowStream\ShadowStream.cpp(262,17): warning C4566: character represented by universal-character-name '\U0001F4CA' cannot be represented in the current code page (1252)
E:\GitHub\Code\ShadowStream\ShadowStream\ShadowStream.cpp(263,17): warning C4566: character represented by universal-character-name '\u26A0' cannot be represented in the current code page (1252)
E:\GitHub\Code\ShadowStream\ShadowStream\ShadowStream.cpp(263,17): warning C4566: character represented by universal-character-name '\uFE0F' cannot be represented in the current code page (1252)
E:\GitHub\Code\ShadowStream\ShadowStream\ShadowStream.cpp(280,33): warning C4566: character represented by universal-character-name '\U0001F4E1' cannot be represented in the current code page (1252)
E:\GitHub\Code\ShadowStream\ShadowStream\ShadowStream.cpp(286,29): warning C4566: character represented by universal-character-name '\u26A0' cannot be represented in the current code page (1252)
E:\GitHub\Code\ShadowStream\ShadowStream\ShadowStream.cpp(286,29): warning C4566: character represented by universal-character-name '\uFE0F' cannot be represented in the current code page (1252)
E:\GitHub\Code\ShadowStream\ShadowStream\ShadowStream.cpp(289,33): warning C4566: character represented by universal-character-name '\U0001F480' cannot be represented in the current code page (1252)
E:\GitHub\Code\ShadowStream\ShadowStream\ShadowStream.cpp(296,25): warning C4566: character represented by universal-character-name '\U0001F4F9' cannot be represented in the current code page (1252)
E:\GitHub\Code\ShadowStream\ShadowStream\ShadowStream.cpp(339,17): warning C4566: character represented by universal-character-name '\U0001F6D1' cannot be represented in the current code page (1252)
E:\GitHub\Code\ShadowStream\ShadowStream\ShadowStream.cpp(357,21): warning C4566: character represented by universal-character-name '\u2713' cannot be represented in the current code page (1252)
E:\GitHub\Code\ShadowStream\ShadowStream\ShadowStream.cpp(362,21): warning C4566: character represented by universal-character-name '\u26A0' cannot be represented in the current code page (1252)
E:\GitHub\Code\ShadowStream\ShadowStream\ShadowStream.cpp(362,21): warning C4566: character represented by universal-character-name '\uFE0F' cannot be represented in the current code page (1252)
E:\GitHub\Code\ShadowStream\ShadowStream\ShadowStream.cpp(332,33): warning C4101: 'e': unreferenced local variable
E:\GitHub\Code\ShadowStream\ShadowStream\ShadowStream.cpp(392,33): warning C4101: 'e': unreferenced local variable
E:\GitHub\Code\ShadowStream\ShadowStream\ShadowStream.cpp(432,1): warning C4566: character represented by universal-character-name '\u2588' cannot be represented in the current code page (1252)
E:\GitHub\Code\ShadowStream\ShadowStream\ShadowStream.cpp(432,1): warning C4566: character represented by universal-character-name '\u2557' cannot be represented in the current code page (1252)
E:\GitHub\Code\ShadowStream\ShadowStream\ShadowStream.cpp(433,1): warning C4566: character represented by universal-character-name '\u2588' cannot be represented in the current code page (1252)
E:\GitHub\Code\ShadowStream\ShadowStream\ShadowStream.cpp(433,1): warning C4566: character represented by universal-character-name '\u2554' cannot be represented in the current code page (1252)
E:\GitHub\Code\ShadowStream\ShadowStream\ShadowStream.cpp(433,1): warning C4566: character represented by universal-character-name '\u2550' cannot be represented in the current code page (1252)
E:\GitHub\Code\ShadowStream\ShadowStream\ShadowStream.cpp(433,1): warning C4566: character represented by universal-character-name '\u255D' cannot be represented in the current code page (1252)
E:\GitHub\Code\ShadowStream\ShadowStream\ShadowStream.cpp(433,1): warning C4566: character represented by universal-character-name '\u2551' cannot be represented in the current code page (1252)
E:\GitHub\Code\ShadowStream\ShadowStream\ShadowStream.cpp(433,1): warning C4566: character represented by universal-character-name '\u2557' cannot be represented in the current code page (1252)
E:\GitHub\Code\ShadowStream\ShadowStream\ShadowStream.cpp(434,1): warning C4566: character represented by universal-character-name '\u2588' cannot be represented in the current code page (1252)
E:\GitHub\Code\ShadowStream\ShadowStream\ShadowStream.cpp(434,1): warning C4566: character represented by universal-character-name '\u2557' cannot be represented in the current code page (1252)
E:\GitHub\Code\ShadowStream\ShadowStream\ShadowStream.cpp(434,1): warning C4566: character represented by universal-character-name '\u2551' cannot be represented in the current code page (1252)
E:\GitHub\Code\ShadowStream\ShadowStream\ShadowStream.cpp(435,1): warning C4566: character represented by universal-character-name '\u255A' cannot be represented in the current code page (1252)
E:\GitHub\Code\ShadowStream\ShadowStream\ShadowStream.cpp(435,1): warning C4566: character represented by universal-character-name '\u2550' cannot be represented in the current code page (1252)
E:\GitHub\Code\ShadowStream\ShadowStream\ShadowStream.cpp(435,1): warning C4566: character represented by universal-character-name '\u2588' cannot be represented in the current code page (1252)
E:\GitHub\Code\ShadowStream\ShadowStream\ShadowStream.cpp(435,1): warning C4566: character represented by universal-character-name '\u2551' cannot be represented in the current code page (1252)
E:\GitHub\Code\ShadowStream\ShadowStream\ShadowStream.cpp(435,1): warning C4566: character represented by universal-character-name '\u2554' cannot be represented in the current code page (1252)
E:\GitHub\Code\ShadowStream\ShadowStream\ShadowStream.cpp(435,1): warning C4566: character represented by universal-character-name '\u2557' cannot be represented in the current code page (1252)
E:\GitHub\Code\ShadowStream\ShadowStream\ShadowStream.cpp(436,1): warning C4566: character represented by universal-character-name '\u2588' cannot be represented in the current code page (1252)
E:\GitHub\Code\ShadowStream\ShadowStream\ShadowStream.cpp(436,1): warning C4566: character represented by universal-character-name '\u2551' cannot be represented in the current code page (1252)
E:\GitHub\Code\ShadowStream\ShadowStream\ShadowStream.cpp(436,1): warning C4566: character represented by universal-character-name '\u2554' cannot be represented in the current code page (1252)
E:\GitHub\Code\ShadowStream\ShadowStream\ShadowStream.cpp(436,1): warning C4566: character represented by universal-character-name '\u255D' cannot be represented in the current code page (1252)
E:\GitHub\Code\ShadowStream\ShadowStream\ShadowStream.cpp(436,1): warning C4566: character represented by universal-character-name '\u255A' cannot be represented in the current code page (1252)
E:\GitHub\Code\ShadowStream\ShadowStream\ShadowStream.cpp(437,1): warning C4566: character represented by universal-character-name '\u255A' cannot be represented in the current code page (1252)
E:\GitHub\Code\ShadowStream\ShadowStream\ShadowStream.cpp(437,1): warning C4566: character represented by universal-character-name '\u2550' cannot be represented in the current code page (1252)
E:\GitHub\Code\ShadowStream\ShadowStream\ShadowStream.cpp(437,1): warning C4566: character represented by universal-character-name '\u255D' cannot be represented in the current code page (1252)
E:\GitHub\Code\ShadowStream\ShadowStream\ShadowStream.cpp(439,1): warning C4566: character represented by universal-character-name '\u2588' cannot be represented in the current code page (1252)
E:\GitHub\Code\ShadowStream\ShadowStream\ShadowStream.cpp(439,1): warning C4566: character represented by universal-character-name '\u2557' cannot be represented in the current code page (1252)
E:\GitHub\Code\ShadowStream\ShadowStream\ShadowStream.cpp(440,1): warning C4566: character represented by universal-character-name '\u2588' cannot be represented in the current code page (1252)
E:\GitHub\Code\ShadowStream\ShadowStream\ShadowStream.cpp(440,1): warning C4566: character represented by universal-character-name '\u2554' cannot be represented in the current code page (1252)
E:\GitHub\Code\ShadowStream\ShadowStream\ShadowStream.cpp(440,1): warning C4566: character represented by universal-character-name '\u2550' cannot be represented in the current code page (1252)
E:\GitHub\Code\ShadowStream\ShadowStream\ShadowStream.cpp(440,1): warning C4566: character represented by universal-character-name '\u255D' cannot be represented in the current code page (1252)
E:\GitHub\Code\ShadowStream\ShadowStream\ShadowStream.cpp(440,1): warning C4566: character represented by universal-character-name '\u255A' cannot be represented in the current code page (1252)
E:\GitHub\Code\ShadowStream\ShadowStream\ShadowStream.cpp(440,1): warning C4566: character represented by universal-character-name '\u2557' cannot be represented in the current code page (1252)
E:\GitHub\Code\ShadowStream\ShadowStream\ShadowStream.cpp(440,1): warning C4566: character represented by universal-character-name '\u2551' cannot be represented in the current code page (1252)
E:\GitHub\Code\ShadowStream\ShadowStream\ShadowStream.cpp(441,1): warning C4566: character represented by universal-character-name '\u2588' cannot be represented in the current code page (1252)
E:\GitHub\Code\ShadowStream\ShadowStream\ShadowStream.cpp(441,1): warning C4566: character represented by universal-character-name '\u2557' cannot be represented in the current code page (1252)
E:\GitHub\Code\ShadowStream\ShadowStream\ShadowStream.cpp(441,1): warning C4566: character represented by universal-character-name '\u2551' cannot be represented in the current code page (1252)
E:\GitHub\Code\ShadowStream\ShadowStream\ShadowStream.cpp(441,1): warning C4566: character represented by universal-character-name '\u2554' cannot be represented in the current code page (1252)
E:\GitHub\Code\ShadowStream\ShadowStream\ShadowStream.cpp(441,1): warning C4566: character represented by universal-character-name '\u255D' cannot be represented in the current code page (1252)
E:\GitHub\Code\ShadowStream\ShadowStream\ShadowStream.cpp(442,1): warning C4566: character represented by universal-character-name '\u255A' cannot be represented in the current code page (1252)
E:\GitHub\Code\ShadowStream\ShadowStream\ShadowStream.cpp(442,1): warning C4566: character represented by universal-character-name '\u2550' cannot be represented in the current code page (1252)
E:\GitHub\Code\ShadowStream\ShadowStream\ShadowStream.cpp(442,1): warning C4566: character represented by universal-character-name '\u2588' cannot be represented in the current code page (1252)
E:\GitHub\Code\ShadowStream\ShadowStream\ShadowStream.cpp(442,1): warning C4566: character represented by universal-character-name '\u2551' cannot be represented in the current code page (1252)
E:\GitHub\Code\ShadowStream\ShadowStream\ShadowStream.cpp(442,1): warning C4566: character represented by universal-character-name '\u2554' cannot be represented in the current code page (1252)
E:\GitHub\Code\ShadowStream\ShadowStream\ShadowStream.cpp(442,1): warning C4566: character represented by universal-character-name '\u2557' cannot be represented in the current code page (1252)
E:\GitHub\Code\ShadowStream\ShadowStream\ShadowStream.cpp(442,1): warning C4566: character represented by universal-character-name '\u255D' cannot be represented in the current code page (1252)
E:\GitHub\Code\ShadowStream\ShadowStream\ShadowStream.cpp(443,1): warning C4566: character represented by universal-character-name '\u2588' cannot be represented in the current code page (1252)
E:\GitHub\Code\ShadowStream\ShadowStream\ShadowStream.cpp(443,1): warning C4566: character represented by universal-character-name '\u2551' cannot be represented in the current code page (1252)
E:\GitHub\Code\ShadowStream\ShadowStream\ShadowStream.cpp(443,1): warning C4566: character represented by universal-character-name '\u2557' cannot be represented in the current code page (1252)
E:\GitHub\Code\ShadowStream\ShadowStream\ShadowStream.cpp(443,1): warning C4566: character represented by universal-character-name '\u255A' cannot be represented in the current code page (1252)
E:\GitHub\Code\ShadowStream\ShadowStream\ShadowStream.cpp(443,1): warning C4566: character represented by universal-character-name '\u2550' cannot be represented in the current code page (1252)
E:\GitHub\Code\ShadowStream\ShadowStream\ShadowStream.cpp(443,1): warning C4566: character represented by universal-character-name '\u255D' cannot be represented in the current code page (1252)
E:\GitHub\Code\ShadowStream\ShadowStream\ShadowStream.cpp(444,1): warning C4566: character represented by universal-character-name '\u255A' cannot be represented in the current code page (1252)
E:\GitHub\Code\ShadowStream\ShadowStream\ShadowStream.cpp(444,1): warning C4566: character represented by universal-character-name '\u2550' cannot be represented in the current code page (1252)
E:\GitHub\Code\ShadowStream\ShadowStream\ShadowStream.cpp(444,1): warning C4566: character represented by universal-character-name '\u255D' cannot be represented in the current code page (1252)
E:\GitHub\Code\ShadowStream\ShadowStream\ShadowStream.cpp(446,1): warning C4566: character represented by universal-character-name '\U0001F525' cannot be represented in the current code page (1252)
E:\GitHub\Code\ShadowStream\ShadowStream\ShadowStream.cpp(447,1): warning C4566: character represented by universal-character-name '\u26A1' cannot be represented in the current code page (1252)
E:\GitHub\Code\ShadowStream\ShadowStream\ShadowStream.cpp(456,13): warning C4566: character represented by universal-character-name '\U0001F527' cannot be represented in the current code page (1252)
E:\GitHub\Code\ShadowStream\ShadowStream\ShadowStream.cpp(466,13): warning C4566: character represented by universal-character-name '\U0001F510' cannot be represented in the current code page (1252)
E:\GitHub\Code\ShadowStream\ShadowStream\ShadowStream.cpp(468,17): warning C4566: character represented by universal-character-name '\U0001F480' cannot be represented in the current code page (1252)
E:\GitHub\Code\ShadowStream\ShadowStream\ShadowStream.cpp(486,13): warning C4566: character represented by universal-character-name '\U0001F680' cannot be represented in the current code page (1252)
E:\GitHub\Code\ShadowStream\ShadowStream\ShadowStream.cpp(495,13): warning C4566: character represented by universal-character-name '\U0001F44B' cannot be represented in the current code page (1252)
  Generating code
  Previous IPDB not found, fall back to full compilation.
  All 2615 functions were compiled because no usable IPDB/IOBJ from previous compilation was found.
  Finished generating code
  ShadowStream.vcxproj -> E:\GitHub\Code\ShadowStream\x64\Release\ShadowStream.exe
  'pwsh.exe' is not recognized as an internal or external command,
  operable program or batch file.
